\BOOKMARK [1][-]{section.1}{\376\377\000I\000n\000t\000r\000o\000d\000u\000c\000t\000i\000o\000n}{}% 1
\BOOKMARK [2][-]{subsection.1.1}{\376\377\000F\000o\000u\000r\000i\000e\000r\000\040\000T\000r\000a\000n\000s\000f\000o\000r\000m\000\040\000a\000n\000d\000\040\000Q\000u\000a\000s\000i\000c\000r\000y\000s\000t\000a\000l\000s}{section.1}% 2
\BOOKMARK [2][-]{subsection.1.2}{\376\377\000T\000h\000e\000\040\000P\000r\000i\000m\000e\000\040\000Q\000u\000a\000s\000i\000c\000r\000y\000s\000t\000a\000l}{section.1}% 3
\BOOKMARK [1][-]{section.2}{\376\377\000T\000h\000e\000\040\000S\000c\000a\000t\000t\000e\000r\000i\000n\000g\000\040\000A\000m\000p\000l\000i\000t\000u\000d\000e}{}% 4
\BOOKMARK [2][-]{subsection.2.1}{\376\377\000D\000e\000f\000i\000n\000i\000t\000i\000o\000n\000\040\000a\000n\000d\000\040\000B\000a\000s\000i\000c\000\040\000P\000r\000o\000p\000e\000r\000t\000i\000e\000s}{section.2}% 5
\BOOKMARK [2][-]{subsection.2.2}{\376\377\000C\000o\000n\000n\000e\000c\000t\000i\000o\000n\000\040\000t\000o\000\040\000t\000h\000e\000\040\000R\000i\000e\000m\000a\000n\000n\000\040\000Z\000e\000t\000a\000\040\000F\000u\000n\000c\000t\000i\000o\000n}{section.2}% 6
\BOOKMARK [2][-]{subsection.2.3}{\376\377\000C\000o\000n\000t\000o\000u\000r\000\040\000I\000n\000t\000e\000g\000r\000a\000t\000i\000o\000n\000\040\000a\000n\000d\000\040\000P\000e\000a\000k\000\040\000S\000t\000r\000u\000c\000t\000u\000r\000e}{section.2}% 7
\BOOKMARK [1][-]{section.3}{\376\377\000N\000u\000m\000e\000r\000i\000c\000a\000l\000\040\000R\000e\000s\000u\000l\000t\000s}{}% 8
\BOOKMARK [1][-]{section.4}{\376\377\000A\000n\000a\000l\000y\000t\000i\000c\000\040\000E\000v\000a\000l\000u\000a\000t\000i\000o\000n\000\040\000o\000f\000\040\000\040\000i\000n\000\040\000t\000h\000e\000\040\000L\000i\000m\000i\000t\000\040\000L\000\040}{}% 9
\BOOKMARK [2][-]{subsection.4.1}{\376\377\000T\000h\000e\000\040\000N\000o\000r\000m\000a\000l\000i\000z\000e\000d\000\040\000S\000c\000a\000t\000t\000e\000r\000i\000n\000g\000\040\000A\000m\000p\000l\000i\000t\000u\000d\000e}{section.4}% 10
\BOOKMARK [2][-]{subsection.4.2}{\376\377\000P\000e\000r\000r\000o\000n\000'\000s\000\040\000F\000o\000r\000m\000u\000l\000a\000\040\000a\000n\000d\000\040\000C\000o\000n\000t\000o\000u\000r\000\040\000S\000e\000t\000u\000p}{section.4}% 11
\BOOKMARK [2][-]{subsection.4.3}{\376\377\000R\000e\000s\000i\000d\000u\000e\000\040\000C\000a\000l\000c\000u\000l\000a\000t\000i\000o\000n}{section.4}% 12
\BOOKMARK [2][-]{subsection.4.4}{\376\377\000T\000h\000e\000\040\000L\000i\000m\000i\000t\000i\000n\000g\000\040\000S\000p\000e\000c\000t\000r\000u\000m}{section.4}% 13
\BOOKMARK [1][-]{section.5}{\376\377\000S\000u\000m\000m\000a\000r\000y}{}% 14
\BOOKMARK [1][-]{section.6}{\376\377\000A\000c\000k\000n\000o\000w\000l\000e\000d\000g\000e\000m\000e\000n\000t\000s}{}% 15
\BOOKMARK [1][-]{appendix.A}{\376\377\000P\000r\000o\000o\000f\000\040\000o\000f\000\040\000t\000h\000e\000\040\000R\000i\000e\000m\000a\000n\000n\000\040\000H\000y\000p\000o\000t\000h\000e\000s\000i\000s}{}% 16
\BOOKMARK [2][-]{subsection.A.1}{\376\377\000F\000o\000u\000r\000i\000e\000r\000\040\000S\000e\000l\000f\000-\000D\000u\000a\000l\000i\000t\000y\000\040\000f\000o\000r\000\040\000T\000e\000m\000p\000e\000r\000e\000d\000\040\000D\000i\000s\000t\000r\000i\000b\000u\000t\000i\000o\000n\000s}{appendix.A}% 17
\BOOKMARK [2][-]{subsection.A.2}{\376\377\000T\000h\000e\000\040\000P\000r\000i\000m\000e\000\040\000Q\000u\000a\000s\000i\000c\000r\000y\000s\000t\000a\000l\000\040\000a\000s\000\040\000a\000\040\000T\000e\000m\000p\000e\000r\000e\000d\000\040\000D\000i\000s\000t\000r\000i\000b\000u\000t\000i\000o\000n}{appendix.A}% 18
\BOOKMARK [2][-]{subsection.A.3}{\376\377\000T\000h\000e\000\040\000D\000o\000u\000b\000l\000e\000\040\000F\000o\000u\000r\000i\000e\000r\000\040\000T\000r\000a\000n\000s\000f\000o\000r\000m}{appendix.A}% 19
\BOOKMARK [2][-]{subsection.A.4}{\376\377\000T\000h\000e\000\040\000S\000e\000l\000f\000-\000D\000u\000a\000l\000i\000t\000y\000\040\000C\000o\000n\000s\000t\000r\000a\000i\000n\000t}{appendix.A}% 20
\BOOKMARK [2][-]{subsection.A.5}{\376\377\000T\000h\000e\000\040\000C\000r\000i\000t\000i\000c\000a\000l\000\040\000L\000i\000n\000e}{appendix.A}% 21
\BOOKMARK [2][-]{subsection.A.6}{\376\377\000S\000u\000m\000m\000a\000r\000y\000\040\000o\000f\000\040\000t\000h\000e\000\040\000P\000r\000o\000o\000f}{appendix.A}% 22
